<?xml version="1.0" encoding="UTF-8"?>
<testng-results ignored="0" total="1" passed="1" failed="0" skipped="0">
  <reporter-output>
  </reporter-output>
  <suite started-at="2019-06-01T09:16:31Z" name="Default suite" finished-at="2019-06-01T09:16:31Z" duration-ms="35">
    <groups>
    </groups>
    <test started-at="2019-06-01T09:16:31Z" name="Default test" finished-at="2019-06-01T09:16:31Z" duration-ms="35">
      <class name="com.mukul.test.NewTest">
        <test-method signature="Test()[pri:0, instance:com.mukul.test.NewTest@2638011]" started-at="2019-06-01T09:16:31Z" name="Test" finished-at="2019-06-01T09:16:31Z" duration-ms="17" status="PASS">
          <reporter-output>
          </reporter-output>
        </test-method> <!-- Test -->
      </class> <!-- com.mukul.test.NewTest -->
    </test> <!-- Default test -->
  </suite> <!-- Default suite -->
</testng-results>
